[2024-05-03T11:06:35.885+0000] {manager.py:470} INFO - Processing files using up to 1 processes at a time 
[2024-05-03T11:06:35.887+0000] {manager.py:471} INFO - Process each file at most once every 30 seconds
[2024-05-03T11:06:35.889+0000] {manager.py:472} INFO - Checking for new files in /opt/airflow/dags every 300 seconds
[2024-05-03T11:06:35.890+0000] {manager.py:737} INFO - Searching for files in /opt/airflow/dags
[2024-05-03T11:06:35.894+0000] {manager.py:740} INFO - There are 0 files in /opt/airflow/dags
[2024-05-03T11:11:35.936+0000] {manager.py:737} INFO - Searching for files in /opt/airflow/dags
[2024-05-03T11:11:35.938+0000] {manager.py:740} INFO - There are 0 files in /opt/airflow/dags
[2024-05-03T11:15:08.557+0000] {manager.py:470} INFO - Processing files using up to 1 processes at a time 
[2024-05-03T11:15:08.558+0000] {manager.py:471} INFO - Process each file at most once every 30 seconds
[2024-05-03T11:15:08.560+0000] {manager.py:472} INFO - Checking for new files in /opt/airflow/dags every 300 seconds
[2024-05-03T11:15:08.561+0000] {manager.py:737} INFO - Searching for files in /opt/airflow/dags
[2024-05-03T11:15:08.582+0000] {manager.py:740} INFO - There are 0 files in /opt/airflow/dags
[2024-05-03T11:20:09.015+0000] {manager.py:737} INFO - Searching for files in /opt/airflow/dags
[2024-05-03T11:20:09.039+0000] {manager.py:740} INFO - There are 1 files in /opt/airflow/dags
[2024-05-03T11:20:10.961+0000] {manager.py:878} INFO - 
================================================================================
DAG File Processing Stats

File Path                                     PID    Runtime      # DAGs    # Errors  Last Runtime    Last Run
--------------------------------------------  -----  ---------  --------  ----------  --------------  -------------------
/opt/airflow/dags/dag_download_apartments.py                           1           0  1.51s           2024-05-03T11:20:10
================================================================================
[2024-05-03T11:20:41.722+0000] {manager.py:878} INFO - 
================================================================================
DAG File Processing Stats

File Path                                     PID    Runtime      # DAGs    # Errors  Last Runtime    Last Run
--------------------------------------------  -----  ---------  --------  ----------  --------------  -------------------
/opt/airflow/dags/dag_download_apartments.py                           1           0  0.61s           2024-05-03T11:20:41
================================================================================
[2024-05-03T11:21:12.709+0000] {manager.py:878} INFO - 
================================================================================
DAG File Processing Stats

File Path                                     PID    Runtime      # DAGs    # Errors  Last Runtime    Last Run
--------------------------------------------  -----  ---------  --------  ----------  --------------  -------------------
/opt/airflow/dags/dag_download_apartments.py                           1           0  0.61s           2024-05-03T11:21:12
================================================================================
[2024-05-03T11:21:43.907+0000] {manager.py:878} INFO - 
================================================================================
DAG File Processing Stats

File Path                                     PID    Runtime      # DAGs    # Errors  Last Runtime    Last Run
--------------------------------------------  -----  ---------  --------  ----------  --------------  -------------------
/opt/airflow/dags/dag_download_apartments.py                           1           0  0.61s           2024-05-03T11:21:43
================================================================================
[2024-05-03T11:22:15.209+0000] {manager.py:878} INFO - 
================================================================================
DAG File Processing Stats

File Path                                     PID    Runtime      # DAGs    # Errors  Last Runtime    Last Run
--------------------------------------------  -----  ---------  --------  ----------  --------------  -------------------
/opt/airflow/dags/dag_download_apartments.py                           1           0  0.60s           2024-05-03T11:22:15
================================================================================
[2024-05-03T11:22:46.575+0000] {manager.py:878} INFO - 
================================================================================
DAG File Processing Stats

File Path                                     PID    Runtime      # DAGs    # Errors  Last Runtime    Last Run
--------------------------------------------  -----  ---------  --------  ----------  --------------  -------------------
/opt/airflow/dags/dag_download_apartments.py                           1           0  0.61s           2024-05-03T11:22:46
================================================================================
[2024-05-03T11:23:17.831+0000] {manager.py:878} INFO - 
================================================================================
DAG File Processing Stats

File Path                                     PID    Runtime      # DAGs    # Errors  Last Runtime    Last Run
--------------------------------------------  -----  ---------  --------  ----------  --------------  -------------------
/opt/airflow/dags/dag_download_apartments.py                           1           0  0.61s           2024-05-03T11:23:17
================================================================================
[2024-05-03T11:23:48.566+0000] {manager.py:878} INFO - 
================================================================================
DAG File Processing Stats

File Path                                     PID    Runtime      # DAGs    # Errors  Last Runtime    Last Run
--------------------------------------------  -----  ---------  --------  ----------  --------------  -------------------
/opt/airflow/dags/dag_download_apartments.py                           1           0  0.60s           2024-05-03T11:23:48
================================================================================
[2024-05-03T11:24:19.378+0000] {manager.py:878} INFO - 
================================================================================
DAG File Processing Stats

File Path                                     PID    Runtime      # DAGs    # Errors  Last Runtime    Last Run
--------------------------------------------  -----  ---------  --------  ----------  --------------  -------------------
/opt/airflow/dags/dag_download_apartments.py                           1           0  0.60s           2024-05-03T11:24:19
================================================================================
[2024-05-03T11:24:50.175+0000] {manager.py:878} INFO - 
================================================================================
DAG File Processing Stats

File Path                                     PID    Runtime      # DAGs    # Errors  Last Runtime    Last Run
--------------------------------------------  -----  ---------  --------  ----------  --------------  -------------------
/opt/airflow/dags/dag_download_apartments.py                           1           0  0.60s           2024-05-03T11:24:50
================================================================================
[2024-05-03T11:25:09.768+0000] {manager.py:737} INFO - Searching for files in /opt/airflow/dags
[2024-05-03T11:25:09.818+0000] {manager.py:740} INFO - There are 1 files in /opt/airflow/dags
[2024-05-03T11:25:20.835+0000] {manager.py:878} INFO - 
================================================================================
DAG File Processing Stats

File Path                                     PID    Runtime      # DAGs    # Errors  Last Runtime    Last Run
--------------------------------------------  -----  ---------  --------  ----------  --------------  -------------------
/opt/airflow/dags/dag_download_apartments.py                           1           0  0.61s           2024-05-03T11:25:20
================================================================================
[2024-05-03T11:25:51.635+0000] {manager.py:878} INFO - 
================================================================================
DAG File Processing Stats

File Path                                     PID    Runtime      # DAGs    # Errors  Last Runtime    Last Run
--------------------------------------------  -----  ---------  --------  ----------  --------------  -------------------
/opt/airflow/dags/dag_download_apartments.py                           1           0  0.60s           2024-05-03T11:25:51
================================================================================
[2024-05-03T11:26:22.344+0000] {manager.py:878} INFO - 
================================================================================
DAG File Processing Stats

File Path                                     PID    Runtime      # DAGs    # Errors  Last Runtime    Last Run
--------------------------------------------  -----  ---------  --------  ----------  --------------  -------------------
/opt/airflow/dags/dag_download_apartments.py                           1           0  0.60s           2024-05-03T11:26:22
================================================================================
[2024-05-03T11:26:53.207+0000] {manager.py:878} INFO - 
================================================================================
DAG File Processing Stats

File Path                                     PID    Runtime      # DAGs    # Errors  Last Runtime    Last Run
--------------------------------------------  -----  ---------  --------  ----------  --------------  -------------------
/opt/airflow/dags/dag_download_apartments.py                           1           0  0.70s           2024-05-03T11:26:53
================================================================================
[2024-05-03T11:27:24.012+0000] {manager.py:878} INFO - 
================================================================================
DAG File Processing Stats

File Path                                     PID    Runtime      # DAGs    # Errors  Last Runtime    Last Run
--------------------------------------------  -----  ---------  --------  ----------  --------------  -------------------
/opt/airflow/dags/dag_download_apartments.py                           1           0  0.60s           2024-05-03T11:27:24
================================================================================
[2024-05-03T11:27:54.752+0000] {manager.py:878} INFO - 
================================================================================
DAG File Processing Stats

File Path                                     PID    Runtime      # DAGs    # Errors  Last Runtime    Last Run
--------------------------------------------  -----  ---------  --------  ----------  --------------  -------------------
/opt/airflow/dags/dag_download_apartments.py                           1           0  0.61s           2024-05-03T11:27:54
================================================================================
[2024-05-03T11:28:25.606+0000] {manager.py:878} INFO - 
================================================================================
DAG File Processing Stats

File Path                                     PID    Runtime      # DAGs    # Errors  Last Runtime    Last Run
--------------------------------------------  -----  ---------  --------  ----------  --------------  -------------------
/opt/airflow/dags/dag_download_apartments.py                           1           0  0.60s           2024-05-03T11:28:25
================================================================================
[2024-05-03T11:28:56.393+0000] {manager.py:878} INFO - 
================================================================================
DAG File Processing Stats

File Path                                     PID    Runtime      # DAGs    # Errors  Last Runtime    Last Run
--------------------------------------------  -----  ---------  --------  ----------  --------------  -------------------
/opt/airflow/dags/dag_download_apartments.py                           1           0  0.60s           2024-05-03T11:28:56
================================================================================
[2024-05-03T11:29:27.211+0000] {manager.py:878} INFO - 
================================================================================
DAG File Processing Stats

File Path                                     PID    Runtime      # DAGs    # Errors  Last Runtime    Last Run
--------------------------------------------  -----  ---------  --------  ----------  --------------  -------------------
/opt/airflow/dags/dag_download_apartments.py                           1           0  0.60s           2024-05-03T11:29:27
================================================================================
[2024-05-03T11:29:58.089+0000] {manager.py:878} INFO - 
================================================================================
DAG File Processing Stats

File Path                                     PID    Runtime      # DAGs    # Errors  Last Runtime    Last Run
--------------------------------------------  -----  ---------  --------  ----------  --------------  -------------------
/opt/airflow/dags/dag_download_apartments.py                           1           0  0.71s           2024-05-03T11:29:58
================================================================================
[2024-05-03T11:30:09.843+0000] {manager.py:737} INFO - Searching for files in /opt/airflow/dags
[2024-05-03T11:30:09.898+0000] {manager.py:740} INFO - There are 1 files in /opt/airflow/dags
[2024-05-03T11:30:29.014+0000] {manager.py:878} INFO - 
================================================================================
DAG File Processing Stats

File Path                                     PID    Runtime      # DAGs    # Errors  Last Runtime    Last Run
--------------------------------------------  -----  ---------  --------  ----------  --------------  -------------------
/opt/airflow/dags/dag_download_apartments.py                           1           0  0.70s           2024-05-03T11:30:29
================================================================================
[2024-05-03T11:30:59.762+0000] {manager.py:878} INFO - 
================================================================================
DAG File Processing Stats

File Path                                     PID    Runtime      # DAGs    # Errors  Last Runtime    Last Run
--------------------------------------------  -----  ---------  --------  ----------  --------------  -------------------
/opt/airflow/dags/dag_download_apartments.py                           1           0  0.70s           2024-05-03T11:30:59
================================================================================
