[2024-05-03T11:21:05.931+0000] {local_task_job_runner.py:120} INFO - ::group::Pre task execution logs
[2024-05-03T11:21:05.963+0000] {taskinstance.py:2073} INFO - Dependencies all met for dep_context=non-requeueable deps ti=<TaskInstance: download_and_analyze_apartments.download_and_filter_apartments manual__2024-05-03T11:21:01.615945+00:00 [queued]>
[2024-05-03T11:21:05.978+0000] {taskinstance.py:2073} INFO - Dependencies all met for dep_context=requeueable deps ti=<TaskInstance: download_and_analyze_apartments.download_and_filter_apartments manual__2024-05-03T11:21:01.615945+00:00 [queued]>
[2024-05-03T11:21:05.980+0000] {taskinstance.py:2303} INFO - Starting attempt 1 of 2
[2024-05-03T11:21:06.023+0000] {taskinstance.py:2327} INFO - Executing <Task(PythonOperator): download_and_filter_apartments> on 2024-05-03 11:21:01.615945+00:00
[2024-05-03T11:21:06.034+0000] {standard_task_runner.py:90} INFO - Running: ['airflow', 'tasks', 'run', 'download_and_analyze_apartments', 'download_and_filter_apartments', 'manual__2024-05-03T11:21:01.615945+00:00', '--job-id', '5', '--raw', '--subdir', 'DAGS_FOLDER/dag_download_apartments.py', '--cfg-path', '/tmp/tmpsc3meboi']
[2024-05-03T11:21:06.036+0000] {standard_task_runner.py:91} INFO - Job 5: Subtask download_and_filter_apartments
[2024-05-03T11:21:06.038+0000] {logging_mixin.py:188} WARNING - /home/airflow/.local/lib/python3.12/site-packages/airflow/task/task_runner/standard_task_runner.py:61 DeprecationWarning: This process (pid=96) is multi-threaded, use of fork() may lead to deadlocks in the child.
[2024-05-03T11:21:06.038+0000] {standard_task_runner.py:63} INFO - Started process 109 to run task
[2024-05-03T11:21:06.127+0000] {task_command.py:426} INFO - Running <TaskInstance: download_and_analyze_apartments.download_and_filter_apartments manual__2024-05-03T11:21:01.615945+00:00 [running]> on host 9bcb29189f77
[2024-05-03T11:21:06.268+0000] {taskinstance.py:2644} INFO - Exporting env vars: AIRFLOW_CTX_DAG_OWNER='airflow' AIRFLOW_CTX_DAG_ID='download_and_analyze_apartments' AIRFLOW_CTX_TASK_ID='download_and_filter_apartments' AIRFLOW_CTX_EXECUTION_DATE='2024-05-03T11:21:01.615945+00:00' AIRFLOW_CTX_TRY_NUMBER='1' AIRFLOW_CTX_DAG_RUN_ID='manual__2024-05-03T11:21:01.615945+00:00'
[2024-05-03T11:21:06.269+0000] {taskinstance.py:430} INFO - ::endgroup::
[2024-05-03T11:21:06.935+0000] {crypto.py:82} WARNING - empty cryptography key - values will not be stored encrypted.
[2024-05-03T11:21:06.960+0000] {logging_mixin.py:188} INFO - Apartment data saved to: /opt/airflow/dags/data/apartments_raw_data_20240503_112106.csv
[2024-05-03T11:21:06.961+0000] {python.py:237} INFO - Done. Returned value was: None
[2024-05-03T11:21:06.962+0000] {taskinstance.py:441} INFO - ::group::Post task execution logs
[2024-05-03T11:21:06.974+0000] {taskinstance.py:1205} INFO - Marking task as SUCCESS. dag_id=download_and_analyze_apartments, task_id=download_and_filter_apartments, execution_date=20240503T112101, start_date=20240503T112105, end_date=20240503T112106
[2024-05-03T11:21:07.057+0000] {local_task_job_runner.py:240} INFO - Task exited with return code 0
[2024-05-03T11:21:07.099+0000] {taskinstance.py:3482} INFO - 1 downstream tasks scheduled from follow-on schedule check
[2024-05-03T11:21:07.118+0000] {local_task_job_runner.py:222} INFO - ::endgroup::
