[2024-05-03T11:21:10.483+0000] {local_task_job_runner.py:120} INFO - ::group::Pre task execution logs
[2024-05-03T11:21:10.515+0000] {taskinstance.py:2073} INFO - Dependencies all met for dep_context=non-requeueable deps ti=<TaskInstance: download_and_analyze_apartments.create_price_histogram manual__2024-05-03T11:21:01.615945+00:00 [queued]>
[2024-05-03T11:21:10.529+0000] {taskinstance.py:2073} INFO - Dependencies all met for dep_context=requeueable deps ti=<TaskInstance: download_and_analyze_apartments.create_price_histogram manual__2024-05-03T11:21:01.615945+00:00 [queued]>
[2024-05-03T11:21:10.530+0000] {taskinstance.py:2303} INFO - Starting attempt 1 of 2
[2024-05-03T11:21:10.572+0000] {taskinstance.py:2327} INFO - Executing <Task(PythonOperator): create_price_histogram> on 2024-05-03 11:21:01.615945+00:00
[2024-05-03T11:21:10.581+0000] {standard_task_runner.py:90} INFO - Running: ['airflow', 'tasks', 'run', 'download_and_analyze_apartments', 'create_price_histogram', 'manual__2024-05-03T11:21:01.615945+00:00', '--job-id', '6', '--raw', '--subdir', 'DAGS_FOLDER/dag_download_apartments.py', '--cfg-path', '/tmp/tmppyauddwb']
[2024-05-03T11:21:10.583+0000] {standard_task_runner.py:91} INFO - Job 6: Subtask create_price_histogram
[2024-05-03T11:21:10.584+0000] {logging_mixin.py:188} WARNING - /home/airflow/.local/lib/python3.12/site-packages/airflow/task/task_runner/standard_task_runner.py:61 DeprecationWarning: This process (pid=110) is multi-threaded, use of fork() may lead to deadlocks in the child.
[2024-05-03T11:21:10.585+0000] {standard_task_runner.py:63} INFO - Started process 123 to run task
[2024-05-03T11:21:10.679+0000] {task_command.py:426} INFO - Running <TaskInstance: download_and_analyze_apartments.create_price_histogram manual__2024-05-03T11:21:01.615945+00:00 [running]> on host 9bcb29189f77
[2024-05-03T11:21:10.823+0000] {taskinstance.py:2644} INFO - Exporting env vars: AIRFLOW_CTX_DAG_OWNER='airflow' AIRFLOW_CTX_DAG_ID='download_and_analyze_apartments' AIRFLOW_CTX_TASK_ID='create_price_histogram' AIRFLOW_CTX_EXECUTION_DATE='2024-05-03T11:21:01.615945+00:00' AIRFLOW_CTX_TRY_NUMBER='1' AIRFLOW_CTX_DAG_RUN_ID='manual__2024-05-03T11:21:01.615945+00:00'
[2024-05-03T11:21:10.824+0000] {taskinstance.py:430} INFO - ::endgroup::
[2024-05-03T11:21:10.884+0000] {logging_mixin.py:188} INFO - Average Price per Square Meter by Province:
[2024-05-03T11:21:10.884+0000] {logging_mixin.py:188} INFO - +----+-----------------+-----------------------+
|    |    Province     | Average Price per sqm |
+----+-----------------+-----------------------+
| 0  |     Hainaut     |   1884.821595744681   |
| 1  |      Liège      |  2184.2394897959184   |
| 2  |      Namur      |   2292.132068965517   |
| 3  |   Luxembourg    |      2403.79625       |
| 4  |     Limburg     |   2678.428426966292   |
| 5  |  East Flanders  |   2993.658445378151   |
| 6  |     Antwerp     |  3042.8978582434515   |
| 7  | Walloon Brabant |  3215.5241666666666   |
| 8  | Flemish Brabant |  3411.7729487179486   |
| 9  |    Brussels     |  3638.1560408163264   |
| 10 |  West Flanders  |   4538.909022727273   |
+----+-----------------+-----------------------+
[2024-05-03T11:21:11.400+0000] {logging_mixin.py:188} INFO - Price histogram saved to: /opt/airflow/dags/data/price_histogram.html
[2024-05-03T11:21:11.402+0000] {python.py:237} INFO - Done. Returned value was: None
[2024-05-03T11:21:11.402+0000] {taskinstance.py:441} INFO - ::group::Post task execution logs
[2024-05-03T11:21:11.418+0000] {taskinstance.py:1205} INFO - Marking task as SUCCESS. dag_id=download_and_analyze_apartments, task_id=create_price_histogram, execution_date=20240503T112101, start_date=20240503T112110, end_date=20240503T112111
[2024-05-03T11:21:11.483+0000] {local_task_job_runner.py:240} INFO - Task exited with return code 0
[2024-05-03T11:21:11.510+0000] {taskinstance.py:3482} INFO - 0 downstream tasks scheduled from follow-on schedule check
[2024-05-03T11:21:11.512+0000] {local_task_job_runner.py:222} INFO - ::endgroup::
